<?xml version="1.0" encoding="UTF-8"?>
<!-- Generated by org.testng.reporters.JUnitReportReporter -->
<testsuite hostname="DESKTOP-EO0JQ99" failures="0" tests="6" name="testing.newpukale" time="13.792" errors="0" timestamp="2021-12-19T16:37:28 IST" skipped="0">
  <testcase classname="testing.newpukale" name="openContact" time="0.550"/>
  <system-out/>
  <testcase classname="testing.newpukale" name="fillName" time="6.316"/>
  <system-out/>
  <testcase classname="testing.newpukale" name="fillEmail" time="2.211"/>
  <system-out/>
  <testcase classname="testing.newpukale" name="fillContact" time="2.175"/>
  <system-out/>
  <testcase classname="testing.newpukale" name="fillMessage" time="2.378"/>
  <system-out/>
  <testcase classname="testing.newpukale" name="submitButton" time="0.162"/>
  <system-out/>
</testsuite> <!-- testing.newpukale -->
