<?xml version="1.0" encoding="UTF-8"?>
<!-- Generated by org.testng.reporters.JUnitReportReporter -->
<testsuite hostname="DESKTOP-EO0JQ99" failures="0" tests="2" name="automationpractice.checkbox" time="0.637" errors="0" timestamp="2021-12-29T00:41:06 IST" skipped="0">
  <testcase classname="automationpractice.checkbox" name="daycheck" time="0.542"/>
  <system-out/>
  <testcase classname="automationpractice.checkbox" name="gendercheckmale" time="0.095"/>
  <system-out/>
</testsuite> <!-- automationpractice.checkbox -->
