<?xml version="1.0" encoding="UTF-8"?>
<!-- Generated by org.testng.reporters.JUnitReportReporter -->
<testsuite hostname="DESKTOP-EO0JQ99" failures="0" tests="1" name="testing.practice_cloud" time="54.957" errors="0" timestamp="2021-12-17T15:13:27 IST" skipped="0">
  <testcase classname="testing.practice_cloud" name="findcontact" time="54.957"/>
  <system-out/>
</testsuite> <!-- testing.practice_cloud -->
