<?xml version="1.0" encoding="UTF-8"?>
<!-- Generated by org.testng.reporters.JUnitReportReporter -->
<testsuite hostname="DESKTOP-EO0JQ99" failures="0" tests="5" name="automationpractice.fullpage" time="2.082" errors="0" timestamp="2022-01-07T11:16:40 IST" skipped="0">
  <testcase classname="automationpractice.fullpage" name="checkbox" time="0.498"/>
  <system-out/>
  <testcase classname="automationpractice.fullpage" name="enterdetails" time="0.866"/>
  <system-out/>
  <testcase classname="automationpractice.fullpage" name="inputfile" time="0.200"/>
  <system-out/>
  <testcase classname="automationpractice.fullpage" name="yearandauto" time="0.305"/>
  <system-out/>
  <testcase classname="automationpractice.fullpage" name="dropdown" time="0.213"/>
  <system-out/>
</testsuite> <!-- automationpractice.fullpage -->
