<?xml version="1.0" encoding="UTF-8"?>
<!-- Generated by org.testng.reporters.JUnitReportReporter -->
<testsuite hostname="DESKTOP-EO0JQ99" failures="0" tests="1" name="Flipkart_Amazon.automation" time="24.858" errors="0" timestamp="2022-01-07T16:47:05 IST" skipped="0">
  <testcase classname="Flipkart_Amazon.automation" name="testUntitledTestCase" time="24.858"/>
  <system-out/>
</testsuite> <!-- Flipkart_Amazon.automation -->
