<?xml version="1.0" encoding="UTF-8"?>
<!-- Generated by org.testng.reporters.JUnitReportReporter -->
<testsuite hostname="DESKTOP-EO0JQ99" failures="0" tests="6" name="automationpractice.azurewebsite" time="9.486" errors="0" timestamp="2021-12-29T00:41:06 IST" skipped="0">
  <testcase classname="automationpractice.azurewebsite" name="entername" time="7.322"/>
  <system-out/>
  <testcase classname="automationpractice.azurewebsite" name="enterphone" time="0.579"/>
  <system-out/>
  <testcase classname="automationpractice.azurewebsite" name="enteremail" time="0.584"/>
  <system-out/>
  <testcase classname="automationpractice.azurewebsite" name="enterpass" time="0.507"/>
  <system-out/>
  <testcase classname="automationpractice.azurewebsite" name="enteradd" time="0.353"/>
  <system-out/>
  <testcase classname="automationpractice.azurewebsite" name="submit" time="0.141"/>
  <system-out/>
</testsuite> <!-- automationpractice.azurewebsite -->
