<?xml version="1.0" encoding="UTF-8"?>
<!-- Generated by org.testng.reporters.JUnitReportReporter -->
<testsuite hostname="DESKTOP-EO0JQ99" failures="0" tests="1" name="automationpractice1.drag" time="6.200" errors="0" timestamp="2022-01-03T00:46:57 IST" skipped="0">
  <testcase classname="automationpractice1.drag" name="move" time="6.200"/>
  <system-out/>
</testsuite> <!-- automationpractice1.drag -->
