<?xml version="1.0" encoding="UTF-8"?>
<!-- Generated by org.testng.reporters.JUnitReportReporter -->
<testsuite hostname="DESKTOP-EO0JQ99" failures="0" tests="2" name="automationpractice.yearofexandautotools" time="1.081" errors="0" timestamp="2021-12-29T00:41:06 IST" skipped="0">
  <testcase classname="automationpractice.yearofexandautotools" name="autotools" time="0.635"/>
  <system-out/>
  <testcase classname="automationpractice.yearofexandautotools" name="yearofexperience" time="0.446"/>
  <system-out/>
</testsuite> <!-- automationpractice.yearofexandautotools -->
