<?xml version="1.0" encoding="UTF-8"?>
<!-- Generated by org.testng.reporters.JUnitReportReporter -->
<testsuite hostname="DESKTOP-EO0JQ99" failures="0" tests="1" name="testing.NewTestFB" time="25.276" errors="0" timestamp="2021-12-18T14:00:50 IST" skipped="0">
  <testcase classname="testing.NewTestFB" name="openurl" time="25.276"/>
  <system-out/>
</testsuite> <!-- testing.NewTestFB -->
