<?xml version="1.0" encoding="UTF-8"?>
<!-- Generated by org.testng.reporters.JUnitReportReporter -->
<testsuite hostname="DESKTOP-EO0JQ99" failures="0" tests="2" name="automationpractice.inputfile" time="3.185" errors="0" timestamp="2021-12-29T00:41:06 IST" skipped="0">
  <testcase classname="automationpractice.inputfile" name="upload" time="0.117"/>
  <system-out/>
  <testcase classname="automationpractice.inputfile" name="clickonbox" time="3.068"/>
  <system-out/>
</testsuite> <!-- automationpractice.inputfile -->
