<?xml version="1.0" encoding="UTF-8"?>
<!-- Generated by org.testng.reporters.JUnitReportReporter -->
<testsuite hostname="DESKTOP-EO0JQ99" failures="0" tests="1" name="Flipkart_Amazon.opencart" time="21.389" errors="0" timestamp="2022-01-07T16:45:39 IST" skipped="0">
  <testcase classname="Flipkart_Amazon.opencart" name="testUntitledTestCase" time="21.389"/>
  <system-out/>
</testsuite> <!-- Flipkart_Amazon.opencart -->
