<?xml version="1.0" encoding="UTF-8"?>
<!-- Generated by org.testng.reporters.JUnitReportReporter -->
<testsuite hostname="DESKTOP-EO0JQ99" failures="0" tests="1" name="automationpractice.dropdown" time="1.705" errors="0" timestamp="2021-12-29T00:41:06 IST" skipped="0">
  <testcase classname="automationpractice.dropdown" name="selectoption" time="1.705"/>
  <system-out/>
</testsuite> <!-- automationpractice.dropdown -->
