<?xml version="1.0" encoding="UTF-8"?>
<!-- Generated by org.testng.reporters.JUnitReportReporter -->
<testsuite hostname="DESKTOP-EO0JQ99" failures="0" tests="3" name="LMS.login" time="28.911" errors="0" timestamp="2021-12-19T21:28:20 IST" skipped="0">
  <testcase classname="LMS.login" name="verifypasswordvisibleornot" time="0.268"/>
  <system-out/>
  <testcase classname="LMS.login" name="openurl" time="27.343"/>
  <system-out/>
  <testcase classname="LMS.login" name="verifyloginvisibleornot" time="1.300"/>
  <system-out/>
</testsuite> <!-- LMS.login -->
