<?xml version="1.0" encoding="UTF-8"?>
<!-- Generated by org.testng.reporters.JUnitReportReporter -->
<testsuite hostname="DESKTOP-EO0JQ99" failures="0" tests="1" name="Flipkart_Amazon.opencart" time="15.202" errors="0" timestamp="2022-01-07T10:22:59 IST" skipped="0">
  <testcase classname="Flipkart_Amazon.opencart" name="testUntitledTestCase" time="15.202"/>
  <system-out/>
</testsuite> <!-- Flipkart_Amazon.opencart -->
