<?xml version="1.0" encoding="UTF-8"?>
<!-- Generated by org.testng.reporters.JUnitReportReporter -->
<testsuite hostname="DESKTOP-EO0JQ99" failures="0" tests="1" name="youtube.search" time="18.179" errors="0" timestamp="2021-12-31T00:36:19 IST" skipped="0">
  <testcase classname="youtube.search" name="serachitem" time="18.179"/>
  <system-out/>
</testsuite> <!-- youtube.search -->
