<?xml version="1.0" encoding="UTF-8"?>
<!-- Generated by org.testng.reporters.JUnitReportReporter -->
<testsuite hostname="DESKTOP-EO0JQ99" failures="0" tests="3" name="LMS.loginTest" time="4.236" errors="0" timestamp="2021-12-20T11:45:36 IST" skipped="0">
  <testcase classname="LMS.loginTest" name="enteruser" time="0.239"/>
  <system-out/>
  <testcase classname="LMS.loginTest" name="enterpass" time="0.184"/>
  <system-out/>
  <testcase classname="LMS.loginTest" name="clickonlogin" time="3.813"/>
  <system-out/>
</testsuite> <!-- LMS.loginTest -->
