<?xml version="1.0" encoding="UTF-8"?>
<!-- Generated by org.testng.reporters.JUnitReportReporter -->
<testsuite hostname="DESKTOP-EO0JQ99" failures="0" tests="1" name="Flipkart_Amazon.automation" time="43.177" errors="0" timestamp="2022-01-07T10:44:39 IST" skipped="0">
  <testcase classname="Flipkart_Amazon.automation" name="testUntitledTestCase" time="43.177"/>
  <system-out/>
</testsuite> <!-- Flipkart_Amazon.automation -->
